# do {cpu_tb_compile.do}
# ** Warning: (vlib-34) Library already exists at "work".
# 
# ** Warning: (vlib-34) Library already exists at "msim".
# 
# ** Warning: (vlib-34) Library already exists at "msim/xil_defaultlib".
# 
# ** Warning: (vlib-34) Library already exists at "msim/dist_mem_gen_v8_0_10".
# 
# Model Technology ModelSim PE vmap 10.4c Lib Mapping Utility 2015.07 Jul 20 2015
# vmap xil_defaultlib msim/xil_defaultlib 
# Modifying modelsim.ini
# Model Technology ModelSim PE vmap 10.4c Lib Mapping Utility 2015.07 Jul 20 2015
# vmap dist_mem_gen_v8_0_10 msim/dist_mem_gen_v8_0_10 
# Modifying modelsim.ini
# ** Warning: (vlog-159) Mode option -64 is not supported in this context and will be ignored.
# 
# Model Technology ModelSim PE vlog 10.4c Compiler 2015.07 Jul 20 2015
# Start time: 12:45:00 on Jul 10,2021
# vlog -64 -incr -work xil_defaultlib ../../../cpu_54.srcs/sources_1/new/CP0.v ../../../cpu_54.srcs/sources_1/new/S_Ext8.v ../../../cpu_54.srcs/sources_1/new/Ext8.v ../../../cpu_54.srcs/sources_1/new/CLZ.v ../../../cpu_54.srcs/sources_1/new/DIVU.v ../../../cpu_54.srcs/sources_1/new/DIV.v ../../../cpu_54.srcs/sources_1/new/multu.v ../../../cpu_54.srcs/sources_1/new/MULT.v ../../../cpu_54.srcs/sources_1/new/MUX8.v ../../../cpu_54.srcs/sources_1/new/S_Ext18.v ../../../cpu_54.srcs/sources_1/new/S_Ext16.v ../../../cpu_54.srcs/sources_1/new/regfile.v ../../../cpu_54.srcs/sources_1/new/pcreg.v ../../../cpu_54.srcs/sources_1/new/MUX_5bit.v ../../../cpu_54.srcs/sources_1/new/MUX.v ../../../cpu_54.srcs/sources_1/new/Ext5.v ../../../cpu_54.srcs/sources_1/new/alu.v ../../../cpu_54.srcs/sources_1/new/Ext16.v 
# -- Skipping module CP0
# -- Skipping module S_Ext8
# -- Skipping module Ext8
# -- Skipping module CLZ
# -- Skipping module DIVU
# -- Skipping module DIV
# -- Skipping module multu
# -- Skipping module MULT
# -- Skipping module MUX8
# -- Skipping module S_Ext18
# -- Skipping module S_Ext16
# -- Compiling module regfile
# -- Skipping module pcreg
# -- Skipping module MUX_5bit
# -- Skipping module MUX
# -- Skipping module Ext5
# -- Skipping module alu
# -- Skipping module Ext16
# 
# Top level modules:
# 	CP0
# 	S_Ext8
# 	Ext8
# 	CLZ
# 	DIVU
# 	DIV
# 	multu
# 	MULT
# 	MUX8
# 	S_Ext18
# 	S_Ext16
# 	regfile
# 	pcreg
# 	MUX_5bit
# 	MUX
# 	Ext5
# 	alu
# 	Ext16
# End time: 12:45:01 on Jul 10,2021, Elapsed time: 0:00:01
# Errors: 0, Warnings: 1
# ** Warning: (vlog-159) Mode option -64 is not supported in this context and will be ignored.
# 
# Model Technology ModelSim PE vlog 10.4c Compiler 2015.07 Jul 20 2015
# Start time: 12:45:01 on Jul 10,2021
# vlog -64 -incr -work dist_mem_gen_v8_0_10 ../../../cpu_54.ip_user_files/ipstatic/dist_mem_gen_v8_0_10/simulation/dist_mem_gen_v8_0.v 
# -- Skipping module dist_mem_gen_v8_0_10
# 
# Top level modules:
# 	dist_mem_gen_v8_0_10
# End time: 12:45:01 on Jul 10,2021, Elapsed time: 0:00:00
# Errors: 0, Warnings: 1
# ** Warning: (vlog-159) Mode option -64 is not supported in this context and will be ignored.
# 
# Model Technology ModelSim PE vlog 10.4c Compiler 2015.07 Jul 20 2015
# Start time: 12:45:01 on Jul 10,2021
# vlog -64 -incr -work xil_defaultlib ../../../cpu_54.srcs/sources_1/ip/imen/sim/imen.v ../../../cpu_54.srcs/sources_1/new/seg7x16.v ../../../cpu_54.srcs/sources_1/new/cpu.v ../../../cpu_54.srcs/sources_1/new/Dram.v ../../../cpu_54.srcs/sources_1/new/sccomp_dataflow.v ../../../cpu_54.srcs/sim_1/new/cpu_tb.v 
# -- Skipping module imen
# -- Compiling module seg7x16
# -- Skipping module cpu
# -- Skipping module Dram
# -- Compiling module sccomp_dataflow
# -- Compiling module cpu_tb
# 
# Top level modules:
# 	cpu_tb
# End time: 12:45:01 on Jul 10,2021, Elapsed time: 0:00:00
# Errors: 0, Warnings: 1
# Model Technology ModelSim PE vlog 10.4c Compiler 2015.07 Jul 20 2015
# Start time: 12:45:02 on Jul 10,2021
# vlog -work xil_defaultlib glbl.v 
# -- Compiling module glbl
# 
# Top level modules:
# 	glbl
# End time: 12:45:02 on Jul 10,2021, Elapsed time: 0:00:00
# Errors: 0, Warnings: 0
