INFO: [VRFC 10-2263] Analyzing Verilog file "D:/computer_composition/MIPS54/cpu_54/cpu_54.srcs/sources_1/new/CP0.v" into library xil_defaultlib
INFO: [VRFC 10-311] analyzing module CP0
INFO: [VRFC 10-2263] Analyzing Verilog file "D:/computer_composition/MIPS54/cpu_54/cpu_54.srcs/sources_1/new/S_Ext8.v" into library xil_defaultlib
INFO: [VRFC 10-311] analyzing module S_Ext8
INFO: [VRFC 10-2263] Analyzing Verilog file "D:/computer_composition/MIPS54/cpu_54/cpu_54.srcs/sources_1/new/Ext8.v" into library xil_defaultlib
INFO: [VRFC 10-311] analyzing module Ext8
INFO: [VRFC 10-2263] Analyzing Verilog file "D:/computer_composition/MIPS54/cpu_54/cpu_54.srcs/sources_1/new/CLZ.v" into library xil_defaultlib
INFO: [VRFC 10-311] analyzing module CLZ
INFO: [VRFC 10-2263] Analyzing Verilog file "D:/computer_composition/MIPS54/cpu_54/cpu_54.srcs/sources_1/new/DIVU.v" into library xil_defaultlib
INFO: [VRFC 10-311] analyzing module DIVU
INFO: [VRFC 10-2263] Analyzing Verilog file "D:/computer_composition/MIPS54/cpu_54/cpu_54.srcs/sources_1/new/DIV.v" into library xil_defaultlib
INFO: [VRFC 10-311] analyzing module DIV
INFO: [VRFC 10-2263] Analyzing Verilog file "D:/computer_composition/MIPS54/cpu_54/cpu_54.srcs/sources_1/new/multu.v" into library xil_defaultlib
INFO: [VRFC 10-311] analyzing module multu
INFO: [VRFC 10-2263] Analyzing Verilog file "D:/computer_composition/MIPS54/cpu_54/cpu_54.srcs/sources_1/new/MULT.v" into library xil_defaultlib
INFO: [VRFC 10-311] analyzing module MULT
INFO: [VRFC 10-2263] Analyzing Verilog file "D:/computer_composition/MIPS54/cpu_54/cpu_54.srcs/sources_1/new/MUX8.v" into library xil_defaultlib
INFO: [VRFC 10-311] analyzing module MUX8
INFO: [VRFC 10-2263] Analyzing Verilog file "D:/computer_composition/MIPS54/cpu_54/cpu_54.srcs/sources_1/new/S_Ext18.v" into library xil_defaultlib
INFO: [VRFC 10-311] analyzing module S_Ext18
INFO: [VRFC 10-2263] Analyzing Verilog file "D:/computer_composition/MIPS54/cpu_54/cpu_54.srcs/sources_1/new/S_Ext16.v" into library xil_defaultlib
INFO: [VRFC 10-311] analyzing module S_Ext16
INFO: [VRFC 10-2263] Analyzing Verilog file "D:/computer_composition/MIPS54/cpu_54/cpu_54.srcs/sources_1/new/regfile.v" into library xil_defaultlib
INFO: [VRFC 10-311] analyzing module regfile
INFO: [VRFC 10-2263] Analyzing Verilog file "D:/computer_composition/MIPS54/cpu_54/cpu_54.srcs/sources_1/new/pcreg.v" into library xil_defaultlib
INFO: [VRFC 10-311] analyzing module pcreg
INFO: [VRFC 10-2263] Analyzing Verilog file "D:/computer_composition/MIPS54/cpu_54/cpu_54.srcs/sources_1/new/MUX_5bit.v" into library xil_defaultlib
INFO: [VRFC 10-311] analyzing module MUX_5bit
INFO: [VRFC 10-2263] Analyzing Verilog file "D:/computer_composition/MIPS54/cpu_54/cpu_54.srcs/sources_1/new/MUX.v" into library xil_defaultlib
INFO: [VRFC 10-311] analyzing module MUX
INFO: [VRFC 10-2263] Analyzing Verilog file "D:/computer_composition/MIPS54/cpu_54/cpu_54.srcs/sources_1/new/Ext5.v" into library xil_defaultlib
INFO: [VRFC 10-311] analyzing module Ext5
INFO: [VRFC 10-2263] Analyzing Verilog file "D:/computer_composition/MIPS54/cpu_54/cpu_54.srcs/sources_1/new/alu.v" into library xil_defaultlib
INFO: [VRFC 10-311] analyzing module alu
INFO: [VRFC 10-2263] Analyzing Verilog file "D:/computer_composition/MIPS54/cpu_54/cpu_54.srcs/sources_1/new/Ext16.v" into library xil_defaultlib
INFO: [VRFC 10-311] analyzing module Ext16
INFO: [VRFC 10-2263] Analyzing Verilog file "D:/computer_composition/MIPS54/cpu_54/cpu_54.ip_user_files/ipstatic/dist_mem_gen_v8_0_10/simulation/dist_mem_gen_v8_0.v" into library dist_mem_gen_v8_0_10
INFO: [VRFC 10-311] analyzing module dist_mem_gen_v8_0_10
INFO: [VRFC 10-2263] Analyzing Verilog file "D:/computer_composition/MIPS54/cpu_54/cpu_54.srcs/sources_1/ip/imen/sim/imen.v" into library xil_defaultlib
INFO: [VRFC 10-311] analyzing module imen
INFO: [VRFC 10-2263] Analyzing Verilog file "D:/computer_composition/MIPS54/cpu_54/cpu_54.srcs/sources_1/new/cpu.v" into library xil_defaultlib
INFO: [VRFC 10-311] analyzing module cpu
INFO: [VRFC 10-2263] Analyzing Verilog file "D:/computer_composition/MIPS54/cpu_54/cpu_54.srcs/sources_1/new/Dram.v" into library xil_defaultlib
INFO: [VRFC 10-311] analyzing module Dram
INFO: [VRFC 10-2263] Analyzing Verilog file "D:/computer_composition/MIPS54/cpu_54/cpu_54.srcs/sources_1/new/sccomp_dataflow.v" into library xil_defaultlib
INFO: [VRFC 10-311] analyzing module sccomp_dataflow
INFO: [VRFC 10-2263] Analyzing Verilog file "D:/computer_composition/MIPS54/cpu_54/cpu_54.srcs/sim_1/new/cpu_tb.v" into library xil_defaultlib
INFO: [VRFC 10-311] analyzing module cpu_tb
INFO: [VRFC 10-2263] Analyzing Verilog file "D:/computer_composition/MIPS54/cpu_54/cpu_54.sim/sim_1/behav/glbl.v" into library xil_defaultlib
INFO: [VRFC 10-311] analyzing module glbl
